2024-02-07T02:58:36+00:00 CRITICAL syntax error, unexpected token "<" in C:\xampp\htdocs\wordpress\wp-content\themes\astra-child\functions.php on line 88

2024-02-07T02:59:14+00:00 CRITICAL syntax error, unexpected token "<" in C:\xampp\htdocs\wordpress\wp-content\themes\astra-child\functions.php on line 88

2024-02-07T03:01:51+00:00 CRITICAL syntax error, unexpected token "<" in C:\xampp\htdocs\wordpress\wp-content\themes\astra-child\functions.php on line 88

2024-02-07T03:07:04+00:00 CRITICAL syntax error, unexpected token "<" in C:\xampp\htdocs\wordpress\wp-content\themes\astra-child\functions.php on line 199

2024-02-07T03:07:49+00:00 CRITICAL Unclosed '{' on line 87 in C:\xampp\htdocs\wordpress\wp-content\themes\astra-child\functions.php on line 289

2024-02-07T03:08:27+00:00 CRITICAL Unclosed '{' on line 68 in C:\xampp\htdocs\wordpress\wp-content\themes\astra-child\functions.php on line 289

2024-02-07T03:09:30+00:00 CRITICAL Unclosed '{' on line 68 in C:\xampp\htdocs\wordpress\wp-content\themes\astra-child\functions.php on line 289

2024-02-07T03:24:42+00:00 CRITICAL syntax error, unexpected token "<" in C:\xampp\htdocs\wordpress\wp-content\themes\astra-child\functions.php on line 69

2024-02-07T03:25:05+00:00 CRITICAL Unclosed '{' on line 63 in C:\xampp\htdocs\wordpress\wp-content\themes\astra-child\functions.php on line 294

2024-02-07T05:36:21+00:00 CRITICAL syntax error, unexpected token "<" in C:\xampp\htdocs\wordpress\wp-content\themes\astra-child\functions.php on line 212

2024-02-07T07:18:06+00:00 CRITICAL syntax error, unexpected token "<" in C:\xampp\htdocs\wordpress\wp-content\themes\astra-child\functions.php on line 77

2024-02-07T09:20:49+00:00 CRITICAL Uncaught Error: Call to a member function get_quantity() on null in C:\xampp\htdocs\wordpress\wp-content\themes\astra-child\functions.php:168
Stack trace:
#0 C:\xampp\htdocs\wordpress\wp-includes\class-wp-hook.php(324): get_cart_items_html_ajax('')
#1 C:\xampp\htdocs\wordpress\wp-includes\class-wp-hook.php(348): WP_Hook->apply_filters('', Array)
#2 C:\xampp\htdocs\wordpress\wp-includes\plugin.php(517): WP_Hook->do_action(Array)
#3 C:\xampp\htdocs\wordpress\wp-admin\admin-ajax.php(188): do_action('wp_ajax_get_car...')
#4 {main}
  thrown in C:\xampp\htdocs\wordpress\wp-content\themes\astra-child\functions.php on line 168

2024-02-07T09:20:49+00:00 CRITICAL Uncaught Error: Call to a member function get_quantity() on null in C:\xampp\htdocs\wordpress\wp-content\themes\astra-child\functions.php:168
Stack trace:
#0 C:\xampp\htdocs\wordpress\wp-includes\class-wp-hook.php(324): get_cart_items_html_ajax('')
#1 C:\xampp\htdocs\wordpress\wp-includes\class-wp-hook.php(348): WP_Hook->apply_filters('', Array)
#2 C:\xampp\htdocs\wordpress\wp-includes\plugin.php(517): WP_Hook->do_action(Array)
#3 C:\xampp\htdocs\wordpress\wp-admin\admin-ajax.php(188): do_action('wp_ajax_get_car...')
#4 {main}
  thrown in C:\xampp\htdocs\wordpress\wp-content\themes\astra-child\functions.php on line 168

2024-02-07T09:21:46+00:00 CRITICAL Uncaught Error: Call to a member function get_quantity() on null in C:\xampp\htdocs\wordpress\wp-content\themes\astra-child\functions.php:187
Stack trace:
#0 C:\xampp\htdocs\wordpress\wp-includes\class-wp-hook.php(324): get_cart_items_html_ajax('')
#1 C:\xampp\htdocs\wordpress\wp-includes\class-wp-hook.php(348): WP_Hook->apply_filters('', Array)
#2 C:\xampp\htdocs\wordpress\wp-includes\plugin.php(517): WP_Hook->do_action(Array)
#3 C:\xampp\htdocs\wordpress\wp-admin\admin-ajax.php(188): do_action('wp_ajax_get_car...')
#4 {main}
  thrown in C:\xampp\htdocs\wordpress\wp-content\themes\astra-child\functions.php on line 187

2024-02-07T09:21:47+00:00 CRITICAL Uncaught Error: Call to a member function get_quantity() on null in C:\xampp\htdocs\wordpress\wp-content\themes\astra-child\functions.php:187
Stack trace:
#0 C:\xampp\htdocs\wordpress\wp-includes\class-wp-hook.php(324): get_cart_items_html_ajax('')
#1 C:\xampp\htdocs\wordpress\wp-includes\class-wp-hook.php(348): WP_Hook->apply_filters('', Array)
#2 C:\xampp\htdocs\wordpress\wp-includes\plugin.php(517): WP_Hook->do_action(Array)
#3 C:\xampp\htdocs\wordpress\wp-admin\admin-ajax.php(188): do_action('wp_ajax_get_car...')
#4 {main}
  thrown in C:\xampp\htdocs\wordpress\wp-content\themes\astra-child\functions.php on line 187

