2024-02-01T06:46:56+00:00 CRITICAL Uncaught Error: Call to undefined function get_the__title() in C:\xampp\htdocs\wordpress\wp-content\themes\astra-child\shortcodes\wc-shop-products.php:10
Stack trace:
#0 C:\xampp\htdocs\wordpress\wp-content\themes\astra-child\functions.php(29): include()
#1 C:\xampp\htdocs\wordpress\wp-includes\shortcodes.php(433): shop_products_func('', '', 'shop-product')
#2 [internal function]: do_shortcode_tag(Array)
#3 C:\xampp\htdocs\wordpress\wp-includes\shortcodes.php(273): preg_replace_callback('/\\[(\\[?)(shop\\-...', 'do_shortcode_ta...', '[shop-product]')
#4 C:\xampp\htdocs\wordpress\wp-content\plugins\elementor\includes\widgets\shortcode.php(133): do_shortcode('[shop-product]')
#5 C:\xampp\htdocs\wordpress\wp-content\plugins\elementor\includes\base\controls-stack.php(2297): Elementor\Widget_Shortcode->render()
#6 C:\xampp\htdocs\wordpress\wp-content\plugins\elementor\includes\base\widget-base.php(614): Elementor\Controls_Stack->render_by_mode()
#7 C:\xampp\htdocs\wordpress\wp-content\plugins\elementor\includes\base\widget-base.php(755): Elementor\Widget_Base->render_content()
#8 C:\xampp\htdocs\wordpress\wp-content\plugins\elementor\includes\base\element-base.php(464): Elementor\Widget_Base->print_content()
#9 C:\xampp\htdocs\wordpress\wp-content\plugins\elementor\includes\base\element-base.php(1372): Elementor\Element_Base->print_element()
#10 C:\xampp\htdocs\wordpress\wp-content\plugins\elementor\includes\base\element-base.php(464): Elementor\Element_Base->print_content()
#11 C:\xampp\htdocs\wordpress\wp-content\plugins\elementor\includes\base\element-base.php(1372): Elementor\Element_Base->print_element()
#12 C:\xampp\htdocs\wordpress\wp-content\plugins\elementor\includes\base\element-base.php(464): Elementor\Element_Base->print_content()
#13 C:\xampp\htdocs\wordpress\wp-content\plugins\elementor\core\base\document.php(1740): Elementor\Element_Base->print_element()
#14 C:\xampp\htdocs\wordpress\wp-content\plugins\elementor\core\base\document.php(1139): Elementor\Core\Base\Document->print_elements(Array)
#15 C:\xampp\htdocs\wordpress\wp-content\plugins\elementor\includes\frontend.php(1165): Elementor\Core\Base\Document->print_elements_with_wrapper(Array)
#16 C:\xampp\htdocs\wordpress\wp-content\plugins\elementor\includes\frontend.php(1060): Elementor\Frontend->get_builder_content(24)
#17 C:\xampp\htdocs\wordpress\wp-includes\class-wp-hook.php(324): Elementor\Frontend->apply_builder_in_content('<style>/*! elem...')
#18 C:\xampp\htdocs\wordpress\wp-includes\plugin.php(205): WP_Hook->apply_filters('<style>/*! elem...', Array)
#19 C:\xampp\htdocs\wordpress\wp-includes\post-template.php(256): apply_filters('the_content', '<style>/*! elem...')
#20 C:\xampp\htdocs\wordpress\wp-content\themes\astra\template-parts\single\content-header.php(33): the_content()
#21 C:\xampp\htdocs\wordpress\wp-includes\template.php(792): require('C:\\xampp\\htdocs...')
#22 C:\xampp\htdocs\wordpress\wp-includes\template.php(725): load_template('C:\\xampp\\htdocs...', false, Array)
#23 C:\xampp\htdocs\wordpress\wp-includes\general-template.php(206): locate_template(Array, true, false, Array)
#24 C:\xampp\htdocs\wordpress\wp-content\themes\astra\inc\template-parts.php(376): get_template_part('template-parts/...')
#25 C:\xampp\htdocs\wordpress\wp-includes\class-wp-hook.php(324): astra_entry_content_single_page_template('')
#26 C:\xampp\htdocs\wordpress\wp-includes\class-wp-hook.php(348): WP_Hook->apply_filters('', Array)
#27 C:\xampp\htdocs\wordpress\wp-includes\plugin.php(517): WP_Hook->do_action(Array)
#28 C:\xampp\htdocs\wordpress\wp-content\themes\astra\inc\core\theme-hooks.php(452): do_action('astra_entry_con...')
#29 C:\xampp\htdocs\wordpress\wp-content\themes\astra\template-parts\content-page.php(26): astra_entry_content_single_page()
#30 C:\xampp\htdocs\wordpress\wp-includes\template.php(792): require('C:\\xampp\\htdocs...')
#31 C:\xampp\htdocs\wordpress\wp-includes\template.php(725): load_template('C:\\xampp\\htdocs...', false, Array)
#32 C:\xampp\htdocs\wordpress\wp-includes\general-template.php(206): locate_template(Array, true, false, Array)
#33 C:\xampp\htdocs\wordpress\wp-content\themes\astra\inc\class-astra-loop.php(109): get_template_part('template-parts/...', 'page')
#34 C:\xampp\htdocs\wordpress\wp-includes\class-wp-hook.php(324): Astra_Loop->template_parts_page('')
#35 C:\xampp\htdocs\wordpress\wp-includes\class-wp-hook.php(348): WP_Hook->apply_filters('', Array)
#36 C:\xampp\htdocs\wordpress\wp-includes\plugin.php(517): WP_Hook->do_action(Array)
#37 C:\xampp\htdocs\wordpress\wp-content\themes\astra\inc\class-astra-loop.php(197): do_action('astra_page_temp...')
#38 C:\xampp\htdocs\wordpress\wp-content\themes\astra\inc\class-astra-loop.php(174): Astra_Loop->loop_markup(true)
#39 C:\xampp\htdocs\wordpress\wp-includes\class-wp-hook.php(324): Astra_Loop->loop_markup_page('')
#40 C:\xampp\htdocs\wordpress\wp-includes\class-wp-hook.php(348): WP_Hook->apply_filters('', Array)
#41 C:\xampp\htdocs\wordpress\wp-includes\plugin.php(517): WP_Hook->do_action(Array)
#42 C:\xampp\htdocs\wordpress\wp-content\themes\astra\inc\core\theme-hooks.php(267): do_action('astra_content_p...')
#43 C:\xampp\htdocs\wordpress\wp-content\themes\astra\page.php(32): astra_content_page_loop()
#44 C:\xampp\htdocs\wordpress\wp-includes\template-loader.php(106): include('C:\\xampp\\htdocs...')
#45 C:\xampp\htdocs\wordpress\wp-blog-header.php(19): require_once('C:\\xampp\\htdocs...')
#46 C:\xampp\htdocs\wordpress\index.php(17): require('C:\\xampp\\htdocs...')
#47 {main}
  thrown in C:\xampp\htdocs\wordpress\wp-content\themes\astra-child\shortcodes\wc-shop-products.php on line 10

2024-02-01T06:50:41+00:00 CRITICAL Uncaught Error: Call to a member function get_title() on bool in C:\xampp\htdocs\wordpress\wp-content\themes\astra-child\shortcodes\wc-shop-products.php:11
Stack trace:
#0 C:\xampp\htdocs\wordpress\wp-content\themes\astra-child\functions.php(29): include()
#1 C:\xampp\htdocs\wordpress\wp-includes\shortcodes.php(433): shop_products_func('', '', 'shop-product')
#2 [internal function]: do_shortcode_tag(Array)
#3 C:\xampp\htdocs\wordpress\wp-includes\shortcodes.php(273): preg_replace_callback('/\\[(\\[?)(shop\\-...', 'do_shortcode_ta...', '[shop-product]')
#4 C:\xampp\htdocs\wordpress\wp-content\plugins\elementor\includes\widgets\shortcode.php(133): do_shortcode('[shop-product]')
#5 C:\xampp\htdocs\wordpress\wp-content\plugins\elementor\includes\base\controls-stack.php(2297): Elementor\Widget_Shortcode->render()
#6 C:\xampp\htdocs\wordpress\wp-content\plugins\elementor\includes\base\widget-base.php(614): Elementor\Controls_Stack->render_by_mode()
#7 C:\xampp\htdocs\wordpress\wp-content\plugins\elementor\includes\base\widget-base.php(755): Elementor\Widget_Base->render_content()
#8 C:\xampp\htdocs\wordpress\wp-content\plugins\elementor\includes\base\element-base.php(464): Elementor\Widget_Base->print_content()
#9 C:\xampp\htdocs\wordpress\wp-content\plugins\elementor\includes\base\element-base.php(1372): Elementor\Element_Base->print_element()
#10 C:\xampp\htdocs\wordpress\wp-content\plugins\elementor\includes\base\element-base.php(464): Elementor\Element_Base->print_content()
#11 C:\xampp\htdocs\wordpress\wp-content\plugins\elementor\includes\base\element-base.php(1372): Elementor\Element_Base->print_element()
#12 C:\xampp\htdocs\wordpress\wp-content\plugins\elementor\includes\base\element-base.php(464): Elementor\Element_Base->print_content()
#13 C:\xampp\htdocs\wordpress\wp-content\plugins\elementor\core\base\document.php(1740): Elementor\Element_Base->print_element()
#14 C:\xampp\htdocs\wordpress\wp-content\plugins\elementor\core\base\document.php(1139): Elementor\Core\Base\Document->print_elements(Array)
#15 C:\xampp\htdocs\wordpress\wp-content\plugins\elementor\includes\frontend.php(1165): Elementor\Core\Base\Document->print_elements_with_wrapper(Array)
#16 C:\xampp\htdocs\wordpress\wp-content\plugins\elementor\includes\frontend.php(1060): Elementor\Frontend->get_builder_content(24)
#17 C:\xampp\htdocs\wordpress\wp-includes\class-wp-hook.php(324): Elementor\Frontend->apply_builder_in_content('<style>/*! elem...')
#18 C:\xampp\htdocs\wordpress\wp-includes\plugin.php(205): WP_Hook->apply_filters('<style>/*! elem...', Array)
#19 C:\xampp\htdocs\wordpress\wp-includes\post-template.php(256): apply_filters('the_content', '<style>/*! elem...')
#20 C:\xampp\htdocs\wordpress\wp-content\themes\astra\template-parts\single\content-header.php(33): the_content()
#21 C:\xampp\htdocs\wordpress\wp-includes\template.php(792): require('C:\\xampp\\htdocs...')
#22 C:\xampp\htdocs\wordpress\wp-includes\template.php(725): load_template('C:\\xampp\\htdocs...', false, Array)
#23 C:\xampp\htdocs\wordpress\wp-includes\general-template.php(206): locate_template(Array, true, false, Array)
#24 C:\xampp\htdocs\wordpress\wp-content\themes\astra\inc\template-parts.php(376): get_template_part('template-parts/...')
#25 C:\xampp\htdocs\wordpress\wp-includes\class-wp-hook.php(324): astra_entry_content_single_page_template('')
#26 C:\xampp\htdocs\wordpress\wp-includes\class-wp-hook.php(348): WP_Hook->apply_filters('', Array)
#27 C:\xampp\htdocs\wordpress\wp-includes\plugin.php(517): WP_Hook->do_action(Array)
#28 C:\xampp\htdocs\wordpress\wp-content\themes\astra\inc\core\theme-hooks.php(452): do_action('astra_entry_con...')
#29 C:\xampp\htdocs\wordpress\wp-content\themes\astra\template-parts\content-page.php(26): astra_entry_content_single_page()
#30 C:\xampp\htdocs\wordpress\wp-includes\template.php(792): require('C:\\xampp\\htdocs...')
#31 C:\xampp\htdocs\wordpress\wp-includes\template.php(725): load_template('C:\\xampp\\htdocs...', false, Array)
#32 C:\xampp\htdocs\wordpress\wp-includes\general-template.php(206): locate_template(Array, true, false, Array)
#33 C:\xampp\htdocs\wordpress\wp-content\themes\astra\inc\class-astra-loop.php(109): get_template_part('template-parts/...', 'page')
#34 C:\xampp\htdocs\wordpress\wp-includes\class-wp-hook.php(324): Astra_Loop->template_parts_page('')
#35 C:\xampp\htdocs\wordpress\wp-includes\class-wp-hook.php(348): WP_Hook->apply_filters('', Array)
#36 C:\xampp\htdocs\wordpress\wp-includes\plugin.php(517): WP_Hook->do_action(Array)
#37 C:\xampp\htdocs\wordpress\wp-content\themes\astra\inc\class-astra-loop.php(197): do_action('astra_page_temp...')
#38 C:\xampp\htdocs\wordpress\wp-content\themes\astra\inc\class-astra-loop.php(174): Astra_Loop->loop_markup(true)
#39 C:\xampp\htdocs\wordpress\wp-includes\class-wp-hook.php(324): Astra_Loop->loop_markup_page('')
#40 C:\xampp\htdocs\wordpress\wp-includes\class-wp-hook.php(348): WP_Hook->apply_filters('', Array)
#41 C:\xampp\htdocs\wordpress\wp-includes\plugin.php(517): WP_Hook->do_action(Array)
#42 C:\xampp\htdocs\wordpress\wp-content\themes\astra\inc\core\theme-hooks.php(267): do_action('astra_content_p...')
#43 C:\xampp\htdocs\wordpress\wp-content\themes\astra\page.php(32): astra_content_page_loop()
#44 C:\xampp\htdocs\wordpress\wp-includes\template-loader.php(106): include('C:\\xampp\\htdocs...')
#45 C:\xampp\htdocs\wordpress\wp-blog-header.php(19): require_once('C:\\xampp\\htdocs...')
#46 C:\xampp\htdocs\wordpress\index.php(17): require('C:\\xampp\\htdocs...')
#47 {main}
  thrown in C:\xampp\htdocs\wordpress\wp-content\themes\astra-child\shortcodes\wc-shop-products.php on line 11

2024-02-01T07:05:39+00:00 CRITICAL Uncaught Error: Call to a member function get_title() on bool in C:\xampp\htdocs\wordpress\wp-content\themes\astra-child\shortcodes\wc-shop-products.php:11
Stack trace:
#0 C:\xampp\htdocs\wordpress\wp-content\themes\astra-child\functions.php(29): include()
#1 C:\xampp\htdocs\wordpress\wp-includes\shortcodes.php(433): shop_products_func('', '', 'shop-product')
#2 [internal function]: do_shortcode_tag(Array)
#3 C:\xampp\htdocs\wordpress\wp-includes\shortcodes.php(273): preg_replace_callback('/\\[(\\[?)(shop\\-...', 'do_shortcode_ta...', '[shop-product]')
#4 C:\xampp\htdocs\wordpress\wp-content\plugins\elementor\includes\widgets\shortcode.php(133): do_shortcode('[shop-product]')
#5 C:\xampp\htdocs\wordpress\wp-content\plugins\elementor\includes\base\controls-stack.php(2297): Elementor\Widget_Shortcode->render()
#6 C:\xampp\htdocs\wordpress\wp-content\plugins\elementor\includes\base\widget-base.php(614): Elementor\Controls_Stack->render_by_mode()
#7 C:\xampp\htdocs\wordpress\wp-content\plugins\elementor\includes\base\widget-base.php(755): Elementor\Widget_Base->render_content()
#8 C:\xampp\htdocs\wordpress\wp-content\plugins\elementor\includes\base\element-base.php(464): Elementor\Widget_Base->print_content()
#9 C:\xampp\htdocs\wordpress\wp-content\plugins\elementor\includes\base\element-base.php(1372): Elementor\Element_Base->print_element()
#10 C:\xampp\htdocs\wordpress\wp-content\plugins\elementor\includes\base\element-base.php(464): Elementor\Element_Base->print_content()
#11 C:\xampp\htdocs\wordpress\wp-content\plugins\elementor\includes\base\element-base.php(1372): Elementor\Element_Base->print_element()
#12 C:\xampp\htdocs\wordpress\wp-content\plugins\elementor\includes\base\element-base.php(464): Elementor\Element_Base->print_content()
#13 C:\xampp\htdocs\wordpress\wp-content\plugins\elementor\core\base\document.php(1740): Elementor\Element_Base->print_element()
#14 C:\xampp\htdocs\wordpress\wp-content\plugins\elementor\core\base\document.php(1139): Elementor\Core\Base\Document->print_elements(Array)
#15 C:\xampp\htdocs\wordpress\wp-content\plugins\elementor\includes\frontend.php(1165): Elementor\Core\Base\Document->print_elements_with_wrapper(Array)
#16 C:\xampp\htdocs\wordpress\wp-content\plugins\elementor\includes\frontend.php(1060): Elementor\Frontend->get_builder_content(24)
#17 C:\xampp\htdocs\wordpress\wp-includes\class-wp-hook.php(324): Elementor\Frontend->apply_builder_in_content('<style>/*! elem...')
#18 C:\xampp\htdocs\wordpress\wp-includes\plugin.php(205): WP_Hook->apply_filters('<style>/*! elem...', Array)
#19 C:\xampp\htdocs\wordpress\wp-includes\post-template.php(256): apply_filters('the_content', '<style>/*! elem...')
#20 C:\xampp\htdocs\wordpress\wp-content\themes\astra\template-parts\single\content-header.php(33): the_content()
#21 C:\xampp\htdocs\wordpress\wp-includes\template.php(792): require('C:\\xampp\\htdocs...')
#22 C:\xampp\htdocs\wordpress\wp-includes\template.php(725): load_template('C:\\xampp\\htdocs...', false, Array)
#23 C:\xampp\htdocs\wordpress\wp-includes\general-template.php(206): locate_template(Array, true, false, Array)
#24 C:\xampp\htdocs\wordpress\wp-content\themes\astra\inc\template-parts.php(376): get_template_part('template-parts/...')
#25 C:\xampp\htdocs\wordpress\wp-includes\class-wp-hook.php(324): astra_entry_content_single_page_template('')
#26 C:\xampp\htdocs\wordpress\wp-includes\class-wp-hook.php(348): WP_Hook->apply_filters('', Array)
#27 C:\xampp\htdocs\wordpress\wp-includes\plugin.php(517): WP_Hook->do_action(Array)
#28 C:\xampp\htdocs\wordpress\wp-content\themes\astra\inc\core\theme-hooks.php(452): do_action('astra_entry_con...')
#29 C:\xampp\htdocs\wordpress\wp-content\themes\astra\template-parts\content-page.php(26): astra_entry_content_single_page()
#30 C:\xampp\htdocs\wordpress\wp-includes\template.php(792): require('C:\\xampp\\htdocs...')
#31 C:\xampp\htdocs\wordpress\wp-includes\template.php(725): load_template('C:\\xampp\\htdocs...', false, Array)
#32 C:\xampp\htdocs\wordpress\wp-includes\general-template.php(206): locate_template(Array, true, false, Array)
#33 C:\xampp\htdocs\wordpress\wp-content\themes\astra\inc\class-astra-loop.php(109): get_template_part('template-parts/...', 'page')
#34 C:\xampp\htdocs\wordpress\wp-includes\class-wp-hook.php(324): Astra_Loop->template_parts_page('')
#35 C:\xampp\htdocs\wordpress\wp-includes\class-wp-hook.php(348): WP_Hook->apply_filters('', Array)
#36 C:\xampp\htdocs\wordpress\wp-includes\plugin.php(517): WP_Hook->do_action(Array)
#37 C:\xampp\htdocs\wordpress\wp-content\themes\astra\inc\class-astra-loop.php(197): do_action('astra_page_temp...')
#38 C:\xampp\htdocs\wordpress\wp-content\themes\astra\inc\class-astra-loop.php(174): Astra_Loop->loop_markup(true)
#39 C:\xampp\htdocs\wordpress\wp-includes\class-wp-hook.php(324): Astra_Loop->loop_markup_page('')
#40 C:\xampp\htdocs\wordpress\wp-includes\class-wp-hook.php(348): WP_Hook->apply_filters('', Array)
#41 C:\xampp\htdocs\wordpress\wp-includes\plugin.php(517): WP_Hook->do_action(Array)
#42 C:\xampp\htdocs\wordpress\wp-content\themes\astra\inc\core\theme-hooks.php(267): do_action('astra_content_p...')
#43 C:\xampp\htdocs\wordpress\wp-content\themes\astra\page.php(32): astra_content_page_loop()
#44 C:\xampp\htdocs\wordpress\wp-includes\template-loader.php(106): include('C:\\xampp\\htdocs...')
#45 C:\xampp\htdocs\wordpress\wp-blog-header.php(19): require_once('C:\\xampp\\htdocs...')
#46 C:\xampp\htdocs\wordpress\index.php(17): require('C:\\xampp\\htdocs...')
#47 {main}
  thrown in C:\xampp\htdocs\wordpress\wp-content\themes\astra-child\shortcodes\wc-shop-products.php on line 11

2024-02-01T07:41:28+00:00 CRITICAL Uncaught Error: Call to a member function get_title() on bool in C:\xampp\htdocs\wordpress\wp-content\themes\astra-child\shortcodes\wc-shop-products.php:11
Stack trace:
#0 C:\xampp\htdocs\wordpress\wp-content\themes\astra-child\functions.php(29): include()
#1 C:\xampp\htdocs\wordpress\wp-includes\shortcodes.php(433): shop_products_func('', '', 'shop-product')
#2 [internal function]: do_shortcode_tag(Array)
#3 C:\xampp\htdocs\wordpress\wp-includes\shortcodes.php(273): preg_replace_callback('/\\[(\\[?)(shop\\-...', 'do_shortcode_ta...', '[shop-product]')
#4 C:\xampp\htdocs\wordpress\wp-content\plugins\elementor\includes\widgets\shortcode.php(133): do_shortcode('[shop-product]')
#5 C:\xampp\htdocs\wordpress\wp-content\plugins\elementor\includes\base\controls-stack.php(2297): Elementor\Widget_Shortcode->render()
#6 C:\xampp\htdocs\wordpress\wp-content\plugins\elementor\includes\base\widget-base.php(614): Elementor\Controls_Stack->render_by_mode()
#7 C:\xampp\htdocs\wordpress\wp-content\plugins\elementor\includes\base\widget-base.php(755): Elementor\Widget_Base->render_content()
#8 C:\xampp\htdocs\wordpress\wp-content\plugins\elementor\includes\base\element-base.php(464): Elementor\Widget_Base->print_content()
#9 C:\xampp\htdocs\wordpress\wp-content\plugins\elementor\includes\base\element-base.php(1372): Elementor\Element_Base->print_element()
#10 C:\xampp\htdocs\wordpress\wp-content\plugins\elementor\includes\base\element-base.php(464): Elementor\Element_Base->print_content()
#11 C:\xampp\htdocs\wordpress\wp-content\plugins\elementor\includes\base\element-base.php(1372): Elementor\Element_Base->print_element()
#12 C:\xampp\htdocs\wordpress\wp-content\plugins\elementor\includes\base\element-base.php(464): Elementor\Element_Base->print_content()
#13 C:\xampp\htdocs\wordpress\wp-content\plugins\elementor\core\base\document.php(1740): Elementor\Element_Base->print_element()
#14 C:\xampp\htdocs\wordpress\wp-content\plugins\elementor\core\base\document.php(1139): Elementor\Core\Base\Document->print_elements(Array)
#15 C:\xampp\htdocs\wordpress\wp-content\plugins\elementor\includes\frontend.php(1165): Elementor\Core\Base\Document->print_elements_with_wrapper(Array)
#16 C:\xampp\htdocs\wordpress\wp-content\plugins\elementor\includes\frontend.php(1060): Elementor\Frontend->get_builder_content(24)
#17 C:\xampp\htdocs\wordpress\wp-includes\class-wp-hook.php(324): Elementor\Frontend->apply_builder_in_content('<style>/*! elem...')
#18 C:\xampp\htdocs\wordpress\wp-includes\plugin.php(205): WP_Hook->apply_filters('<style>/*! elem...', Array)
#19 C:\xampp\htdocs\wordpress\wp-includes\post-template.php(256): apply_filters('the_content', '<style>/*! elem...')
#20 C:\xampp\htdocs\wordpress\wp-content\themes\astra\template-parts\single\content-header.php(33): the_content()
#21 C:\xampp\htdocs\wordpress\wp-includes\template.php(792): require('C:\\xampp\\htdocs...')
#22 C:\xampp\htdocs\wordpress\wp-includes\template.php(725): load_template('C:\\xampp\\htdocs...', false, Array)
#23 C:\xampp\htdocs\wordpress\wp-includes\general-template.php(206): locate_template(Array, true, false, Array)
#24 C:\xampp\htdocs\wordpress\wp-content\themes\astra\inc\template-parts.php(376): get_template_part('template-parts/...')
#25 C:\xampp\htdocs\wordpress\wp-includes\class-wp-hook.php(324): astra_entry_content_single_page_template('')
#26 C:\xampp\htdocs\wordpress\wp-includes\class-wp-hook.php(348): WP_Hook->apply_filters('', Array)
#27 C:\xampp\htdocs\wordpress\wp-includes\plugin.php(517): WP_Hook->do_action(Array)
#28 C:\xampp\htdocs\wordpress\wp-content\themes\astra\inc\core\theme-hooks.php(452): do_action('astra_entry_con...')
#29 C:\xampp\htdocs\wordpress\wp-content\themes\astra\template-parts\content-page.php(26): astra_entry_content_single_page()
#30 C:\xampp\htdocs\wordpress\wp-includes\template.php(792): require('C:\\xampp\\htdocs...')
#31 C:\xampp\htdocs\wordpress\wp-includes\template.php(725): load_template('C:\\xampp\\htdocs...', false, Array)
#32 C:\xampp\htdocs\wordpress\wp-includes\general-template.php(206): locate_template(Array, true, false, Array)
#33 C:\xampp\htdocs\wordpress\wp-content\themes\astra\inc\class-astra-loop.php(109): get_template_part('template-parts/...', 'page')
#34 C:\xampp\htdocs\wordpress\wp-includes\class-wp-hook.php(324): Astra_Loop->template_parts_page('')
#35 C:\xampp\htdocs\wordpress\wp-includes\class-wp-hook.php(348): WP_Hook->apply_filters('', Array)
#36 C:\xampp\htdocs\wordpress\wp-includes\plugin.php(517): WP_Hook->do_action(Array)
#37 C:\xampp\htdocs\wordpress\wp-content\themes\astra\inc\class-astra-loop.php(197): do_action('astra_page_temp...')
#38 C:\xampp\htdocs\wordpress\wp-content\themes\astra\inc\class-astra-loop.php(174): Astra_Loop->loop_markup(true)
#39 C:\xampp\htdocs\wordpress\wp-includes\class-wp-hook.php(324): Astra_Loop->loop_markup_page('')
#40 C:\xampp\htdocs\wordpress\wp-includes\class-wp-hook.php(348): WP_Hook->apply_filters('', Array)
#41 C:\xampp\htdocs\wordpress\wp-includes\plugin.php(517): WP_Hook->do_action(Array)
#42 C:\xampp\htdocs\wordpress\wp-content\themes\astra\inc\core\theme-hooks.php(267): do_action('astra_content_p...')
#43 C:\xampp\htdocs\wordpress\wp-content\themes\astra\page.php(32): astra_content_page_loop()
#44 C:\xampp\htdocs\wordpress\wp-includes\template-loader.php(106): include('C:\\xampp\\htdocs...')
#45 C:\xampp\htdocs\wordpress\wp-blog-header.php(19): require_once('C:\\xampp\\htdocs...')
#46 C:\xampp\htdocs\wordpress\index.php(17): require('C:\\xampp\\htdocs...')
#47 {main}
  thrown in C:\xampp\htdocs\wordpress\wp-content\themes\astra-child\shortcodes\wc-shop-products.php on line 11

2024-02-01T08:01:20+00:00 CRITICAL Uncaught Error: Call to undefined function get_title() in C:\xampp\htdocs\wordpress\wp-content\themes\astra-child\shortcodes\wc-shop-products.php:11
Stack trace:
#0 C:\xampp\htdocs\wordpress\wp-content\themes\astra-child\functions.php(29): include()
#1 C:\xampp\htdocs\wordpress\wp-includes\shortcodes.php(433): shop_products_func('', '', 'shop-product')
#2 [internal function]: do_shortcode_tag(Array)
#3 C:\xampp\htdocs\wordpress\wp-includes\shortcodes.php(273): preg_replace_callback('/\\[(\\[?)(shop\\-...', 'do_shortcode_ta...', '[shop-product]')
#4 C:\xampp\htdocs\wordpress\wp-content\plugins\elementor\includes\widgets\shortcode.php(133): do_shortcode('[shop-product]')
#5 C:\xampp\htdocs\wordpress\wp-content\plugins\elementor\includes\base\controls-stack.php(2297): Elementor\Widget_Shortcode->render()
#6 C:\xampp\htdocs\wordpress\wp-content\plugins\elementor\includes\base\widget-base.php(614): Elementor\Controls_Stack->render_by_mode()
#7 C:\xampp\htdocs\wordpress\wp-content\plugins\elementor\includes\base\widget-base.php(755): Elementor\Widget_Base->render_content()
#8 C:\xampp\htdocs\wordpress\wp-content\plugins\elementor\includes\base\element-base.php(464): Elementor\Widget_Base->print_content()
#9 C:\xampp\htdocs\wordpress\wp-content\plugins\elementor\includes\base\element-base.php(1372): Elementor\Element_Base->print_element()
#10 C:\xampp\htdocs\wordpress\wp-content\plugins\elementor\includes\base\element-base.php(464): Elementor\Element_Base->print_content()
#11 C:\xampp\htdocs\wordpress\wp-content\plugins\elementor\includes\base\element-base.php(1372): Elementor\Element_Base->print_element()
#12 C:\xampp\htdocs\wordpress\wp-content\plugins\elementor\includes\base\element-base.php(464): Elementor\Element_Base->print_content()
#13 C:\xampp\htdocs\wordpress\wp-content\plugins\elementor\core\base\document.php(1740): Elementor\Element_Base->print_element()
#14 C:\xampp\htdocs\wordpress\wp-content\plugins\elementor\core\base\document.php(1139): Elementor\Core\Base\Document->print_elements(Array)
#15 C:\xampp\htdocs\wordpress\wp-content\plugins\elementor\includes\frontend.php(1165): Elementor\Core\Base\Document->print_elements_with_wrapper(Array)
#16 C:\xampp\htdocs\wordpress\wp-content\plugins\elementor\includes\frontend.php(1060): Elementor\Frontend->get_builder_content(24)
#17 C:\xampp\htdocs\wordpress\wp-includes\class-wp-hook.php(324): Elementor\Frontend->apply_builder_in_content('<style>/*! elem...')
#18 C:\xampp\htdocs\wordpress\wp-includes\plugin.php(205): WP_Hook->apply_filters('<style>/*! elem...', Array)
#19 C:\xampp\htdocs\wordpress\wp-includes\post-template.php(256): apply_filters('the_content', '<style>/*! elem...')
#20 C:\xampp\htdocs\wordpress\wp-content\themes\astra\template-parts\single\content-header.php(33): the_content()
#21 C:\xampp\htdocs\wordpress\wp-includes\template.php(792): require('C:\\xampp\\htdocs...')
#22 C:\xampp\htdocs\wordpress\wp-includes\template.php(725): load_template('C:\\xampp\\htdocs...', false, Array)
#23 C:\xampp\htdocs\wordpress\wp-includes\general-template.php(206): locate_template(Array, true, false, Array)
#24 C:\xampp\htdocs\wordpress\wp-content\themes\astra\inc\template-parts.php(376): get_template_part('template-parts/...')
#25 C:\xampp\htdocs\wordpress\wp-includes\class-wp-hook.php(324): astra_entry_content_single_page_template('')
#26 C:\xampp\htdocs\wordpress\wp-includes\class-wp-hook.php(348): WP_Hook->apply_filters('', Array)
#27 C:\xampp\htdocs\wordpress\wp-includes\plugin.php(517): WP_Hook->do_action(Array)
#28 C:\xampp\htdocs\wordpress\wp-content\themes\astra\inc\core\theme-hooks.php(452): do_action('astra_entry_con...')
#29 C:\xampp\htdocs\wordpress\wp-content\themes\astra\template-parts\content-page.php(26): astra_entry_content_single_page()
#30 C:\xampp\htdocs\wordpress\wp-includes\template.php(792): require('C:\\xampp\\htdocs...')
#31 C:\xampp\htdocs\wordpress\wp-includes\template.php(725): load_template('C:\\xampp\\htdocs...', false, Array)
#32 C:\xampp\htdocs\wordpress\wp-includes\general-template.php(206): locate_template(Array, true, false, Array)
#33 C:\xampp\htdocs\wordpress\wp-content\themes\astra\inc\class-astra-loop.php(109): get_template_part('template-parts/...', 'page')
#34 C:\xampp\htdocs\wordpress\wp-includes\class-wp-hook.php(324): Astra_Loop->template_parts_page('')
#35 C:\xampp\htdocs\wordpress\wp-includes\class-wp-hook.php(348): WP_Hook->apply_filters('', Array)
#36 C:\xampp\htdocs\wordpress\wp-includes\plugin.php(517): WP_Hook->do_action(Array)
#37 C:\xampp\htdocs\wordpress\wp-content\themes\astra\inc\class-astra-loop.php(197): do_action('astra_page_temp...')
#38 C:\xampp\htdocs\wordpress\wp-content\themes\astra\inc\class-astra-loop.php(174): Astra_Loop->loop_markup(true)
#39 C:\xampp\htdocs\wordpress\wp-includes\class-wp-hook.php(324): Astra_Loop->loop_markup_page('')
#40 C:\xampp\htdocs\wordpress\wp-includes\class-wp-hook.php(348): WP_Hook->apply_filters('', Array)
#41 C:\xampp\htdocs\wordpress\wp-includes\plugin.php(517): WP_Hook->do_action(Array)
#42 C:\xampp\htdocs\wordpress\wp-content\themes\astra\inc\core\theme-hooks.php(267): do_action('astra_content_p...')
#43 C:\xampp\htdocs\wordpress\wp-content\themes\astra\page.php(32): astra_content_page_loop()
#44 C:\xampp\htdocs\wordpress\wp-includes\template-loader.php(106): include('C:\\xampp\\htdocs...')
#45 C:\xampp\htdocs\wordpress\wp-blog-header.php(19): require_once('C:\\xampp\\htdocs...')
#46 C:\xampp\htdocs\wordpress\index.php(17): require('C:\\xampp\\htdocs...')
#47 {main}
  thrown in C:\xampp\htdocs\wordpress\wp-content\themes\astra-child\shortcodes\wc-shop-products.php on line 11

